<?xml version="1.0" encoding="UTF-8"?>
<!-- Generated by org.testng.reporters.JUnitReportReporter -->
<testsuite hostname="DESKTOP-9GI0D3G" failures="0" tests="1" name="com.Task500.tests.Test3" time="0.015" errors="0" timestamp="2023-08-07T17:54:50 IST" skipped="0">
  <testcase classname="com.Task500.tests.Test3" name="test1" time="0.015"/>
  <system-out/>
</testsuite> <!-- com.Task500.tests.Test3 -->
