<?xml version="1.0" encoding="UTF-8"?>
<!-- Generated by org.testng.reporters.JUnitReportReporter -->
<testsuite hostname="DESKTOP-9GI0D3G" failures="0" tests="3" name="com.Task500.tests.Test1" time="22.901" errors="1" timestamp="2023-08-05T19:20:15 IST" skipped="1">
  <testcase classname="com.Task500.tests.Test1" name="openApp" time="20.082">
    <error message="Could not start a new session. Possible causes are invalid address of the remote server or browser start-up failure. 
Host info: host: &#039;DESKTOP-9GI0D3G&#039;, ip: &#039;192.168.0.100&#039;" type="org.openqa.selenium.SessionNotCreatedException">
      <![CDATA[org.openqa.selenium.SessionNotCreatedException: Could not start a new session. Possible causes are invalid address of the remote server or browser start-up failure. 
Host info: host: 'DESKTOP-9GI0D3G', ip: '192.168.0.100'
at org.openqa.selenium.remote.RemoteWebDriver.execute(RemoteWebDriver.java:561)
at org.openqa.selenium.remote.RemoteWebDriver.startSession(RemoteWebDriver.java:229)
at org.openqa.selenium.remote.RemoteWebDriver.<init>(RemoteWebDriver.java:157)
at org.openqa.selenium.firefox.FirefoxDriver.<init>(FirefoxDriver.java:150)
at org.openqa.selenium.firefox.FirefoxDriver.<init>(FirefoxDriver.java:146)
at org.openqa.selenium.firefox.FirefoxDriver.<init>(FirefoxDriver.java:131)
at org.openqa.selenium.firefox.FirefoxDriver.<init>(FirefoxDriver.java:127)
at org.openqa.selenium.firefox.FirefoxDriver.<init>(FirefoxDriver.java:112)
at org.openqa.selenium.firefox.FirefoxDriver.<init>(FirefoxDriver.java:102)
at com.task500.generics.Baseclass1.openApp(Baseclass1.java:27)
at java.base/jdk.internal.reflect.NativeMethodAccessorImpl.invoke0(Native Method)
at java.base/jdk.internal.reflect.NativeMethodAccessorImpl.invoke(NativeMethodAccessorImpl.java:77)
at java.base/jdk.internal.reflect.DelegatingMethodAccessorImpl.invoke(DelegatingMethodAccessorImpl.java:43)
at java.base/java.lang.reflect.Method.invoke(Method.java:568)
at org.testng.internal.MethodInvocationHelper.invokeMethod(MethodInvocationHelper.java:133)
at org.testng.internal.MethodInvocationHelper.invokeMethodConsideringTimeout(MethodInvocationHelper.java:62)
at org.testng.internal.ConfigInvoker.invokeConfigurationMethod(ConfigInvoker.java:385)
at org.testng.internal.ConfigInvoker.invokeConfigurations(ConfigInvoker.java:321)
at org.testng.internal.TestMethodWorker.invokeBeforeClassMethods(TestMethodWorker.java:176)
at org.testng.internal.TestMethodWorker.run(TestMethodWorker.java:122)
at java.base/java.util.concurrent.ThreadPoolExecutor.runWorker(ThreadPoolExecutor.java:1136)
at java.base/java.util.concurrent.ThreadPoolExecutor$Worker.run(ThreadPoolExecutor.java:635)
at java.base/java.lang.Thread.run(Thread.java:833)
Caused by: org.openqa.selenium.WebDriverException: Timed out waiting for driver process to start.
Build info: version: '4.9.1', revision: 'eb2032df7f'
System info: os.name: 'Windows 10', os.arch: 'amd64', os.version: '10.0', java.version: '17.0.7'
Driver info: driver.version: FirefoxDriver
at org.openqa.selenium.remote.service.DriverService.start(DriverService.java:216)
at org.openqa.selenium.remote.service.DriverCommandExecutor.execute(DriverCommandExecutor.java:114)
at org.openqa.selenium.remote.RemoteWebDriver.execute(RemoteWebDriver.java:543)
... 22 more
]]>
    </error>
  </testcase> <!-- openApp -->
  <system-out/>
  <testcase classname="com.Task500.tests.Test1" name="tc1" time="2.819"/>
  <system-out/>
  <testcase classname="com.Task500.tests.Test1" name="tc1" time="0.000">
    <skipped/>
  </testcase> <!-- tc1 -->
  <system-out/>
</testsuite> <!-- com.Task500.tests.Test1 -->
